2024-06-07T14:30:30  style: formatting
2024-06-25T09:47:37  chore: bump dev tooling
2024-07-20T16:04:44  docs: expand examples
2024-08-15T11:21:51  test: strengthen coverage
2024-09-09T18:38:58  chore: tune defaults
2024-10-22T13:55:05  refactor: simplify helper
2024-11-16T08:12:12  chore: routine maintenance
2024-12-12T15:29:19  docs: clarify usage notes
2024-12-13T10:46:26  test: add edge case
2025-01-25T17:03:33  refactor: tidy internals
2025-02-19T12:20:40  fix: handle empty input gracefully
2025-03-17T19:37:47  perf: micro-optimization
2025-04-11T14:54:54  style: formatting
2025-04-30T09:11:01  chore: bump dev tooling
2025-05-25T16:28:08  docs: expand examples
2025-06-20T11:45:15  test: strengthen coverage
2025-07-15T18:02:22  chore: tune defaults
2025-08-09T13:19:29  refactor: simplify helper
2025-08-28T08:36:36  chore: routine maintenance
2025-09-22T15:53:43  docs: clarify usage notes
2025-10-18T10:10:50  test: add edge case
2025-11-12T17:27:57  refactor: tidy internals
2025-12-01T12:44:04  fix: handle empty input gracefully
2025-12-26T19:01:11  perf: micro-optimization
2026-01-21T14:18:18  style: formatting
2026-02-15T09:35:25  chore: bump dev tooling
2026-03-06T16:52:32  docs: expand examples
2026-03-31T11:09:39  test: strengthen coverage
2026-04-26T18:26:46  chore: tune defaults
2026-05-21T13:43:53  refactor: simplify helper
2024-08-12T14:30:30  chore: in case of fire — commit, push, leave building
2024-12-19T09:47:37  docs: ELI5 pass
2025-01-14T16:04:44  refactor: future me will understand this
2025-05-07T11:21:51  test: it's not flaky, you're flaky
2025-08-28T18:38:58  chore: routine maintenance
2025-10-10T13:55:05  docs: clarify usage notes
2026-01-31T08:12:12  test: add edge case
2026-05-24T15:29:19  refactor: tidy internals
2024-06-03T14:10:50  test: trust, but verify
2024-06-30T09:27:57  ci(ci): tune severity weights
2024-07-10T16:44:04  fix(scoring): simplify the walker
2024-08-08T11:01:11  refactor(engine): skip binary files by sniffing
2024-08-18T18:18:18  style(deps): add a dry-run flag
2024-09-16T13:35:25  feat: with great power comes great test coverage
